{"/home/qzmlgfj/VSCode/Flask/Graduation-Project/frontend/src/components/HeadBar.vue": {"path":"/home/qzmlgfj/VSCode/Flask/Graduation-Project/frontend/src/components/HeadBar.vue","statementMap":{"0":{"start":{"line":9,"column":0},"end":{"line":9,"column":null}},"1":{"start":{"line":10,"column":15},"end":{"line":10,"column":null}},"2":{"start":{"line":18,"column":12},"end":{"line":18,"column":17}}},"fnMap":{"0":{"name":"(anonymous_0)","decl":{"start":{"line":17,"column":8},"end":{"line":17,"column":19}},"loc":{"start":{"line":17,"column":22},"end":{"line":19,"column":null}}}},"branchMap":{},"s":{"0":1,"1":1,"2":0},"f":{"0":0},"b":{}}
}
